--- Startup times for process: Primary (or UI client) ---

times in msec
 clock   self+sourced   self:  sourced script
 clock   elapsed:              other lines

000.002  000.002: --- NVIM STARTING ---
000.327  000.325: event init
000.548  000.221: early init
000.683  000.135: locale set
000.775  000.092: init first window
001.767  000.992: inits 1
001.811  000.044: window checked
001.822  000.011: parsing arguments
003.409  000.133  000.133: require('vim.shared')
003.708  000.129  000.129: require('vim.inspect')
003.852  000.113  000.113: require('vim._options')
003.859  000.431  000.189: require('vim._editor')
003.862  000.667  000.104: require('vim._init_packages')
003.868  001.380: init lua interpreter
004.052  000.184: expanding arguments
004.112  000.061: inits 2
004.893  000.781: init highlight
004.957  000.064: clear screen
005.373  000.030  000.030: require('vim.keymap')
007.591  000.255  000.255: sourcing nvim_exec2()
007.817  002.849  002.563: require('vim._defaults')
007.821  000.015: init default mappings & autocommands
008.390  000.083  000.083: sourcing /usr/share/nvim/runtime/ftplugin.vim
008.501  000.053  000.053: sourcing /usr/share/nvim/runtime/indent.vim
008.687  000.112  000.112: sourcing /usr/share/nvim/archlinux.lua
008.696  000.151  000.039: sourcing /etc/xdg/nvim/sysinit.vim
013.575  003.023  003.023: require('vim.filetype')
013.742  004.286  001.263: require('config.options')
014.031  000.072  000.072: require('util.keymapper')
014.680  000.934  000.863: require('config.keymaps')
014.928  000.245  000.245: require('config.autocmds')
014.972  000.041  000.041: require('config.helpers')
015.045  000.070  000.070: require('config.health')
015.180  000.131  000.131: require('lazy')
015.207  000.014  000.014: require('ffi')
015.274  000.025  000.025: require('vim.fs')
015.379  000.102  000.102: require('vim.uri')
015.395  000.185  000.058: require('vim.loader')
015.618  000.205  000.205: require('lazy.stats')
015.755  000.116  000.116: require('lazy.core.util')
015.876  000.118  000.118: require('lazy.core.config')
016.043  000.064  000.064: require('lazy.core.handler')
016.349  000.163  000.163: require('lazy.pkg')
016.353  000.223  000.060: require('lazy.core.meta')
016.359  000.313  000.091: require('lazy.core.plugin')
016.366  000.488  000.111: require('lazy.core.loader')
017.120  000.103  000.103: require('lazy.async')
017.273  000.066  000.066: require('lazy.manage.process')
017.386  000.110  000.110: require('lazy.terminal')
017.393  000.270  000.094: require('lazy.manage.task')
017.396  000.457  000.084: require('lazy.manage.runner')
017.398  000.520  000.063: require('lazy.manage')
017.401  000.595  000.075: require('lazy.view.commands')
017.526  000.106  000.106: require('lazy.core.fragments')
019.425  000.052  000.052: require('util.icons')
020.533  000.037  000.037: require('util.lsp')
021.176  000.042  000.042: require('lazy.core.handler.cmd')
021.220  000.040  000.040: require('lazy.core.handler.keys')
021.273  000.046  000.046: require('lazy.core.handler.event')
021.306  000.030  000.030: require('lazy.core.handler.ft')
022.197  000.104  000.104: sourcing nvim_exec2() called at /usr/share/nvim/runtime/filetype.lua:0
022.201  000.156  000.052: sourcing /usr/share/nvim/runtime/filetype.lua
022.205  000.188  000.032: sourcing nvim_exec2() called at /home/jonco/src/dotfiles/config/nvim/init.lua:0
022.513  000.033  000.033: sourcing /home/jonco/.local/share/nvim/lazy/nvim-web-devicons/plugin/nvim-web-devicons.vim
022.518  000.057  000.024: sourcing nvim_exec2() called at /home/jonco/src/dotfiles/config/nvim/init.lua:0
022.525  000.002  000.002: sourcing nvim_exec2() called at /home/jonco/src/dotfiles/config/nvim/init.lua:0
022.535  000.001  000.001: sourcing nvim_exec2() called at /home/jonco/src/dotfiles/config/nvim/init.lua:0
022.617  000.040  000.040: sourcing /home/jonco/.local/share/nvim/lazy/fzf-lua/plugin/fzf-lua.lua
022.621  000.061  000.022: sourcing nvim_exec2() called at /home/jonco/src/dotfiles/config/nvim/init.lua:0
022.626  000.002  000.002: sourcing nvim_exec2() called at /home/jonco/src/dotfiles/config/nvim/init.lua:0
022.635  000.001  000.001: sourcing nvim_exec2() called at /home/jonco/src/dotfiles/config/nvim/init.lua:0
023.323  000.171  000.171: require('fzf-lua.utils')
023.536  000.105  000.105: require('fzf-lua.lib.base64')
023.677  000.138  000.138: require('fzf-lua.lib.serpent')
023.683  000.357  000.114: require('fzf-lua.libuv')
023.695  000.606  000.078: require('fzf-lua.path')
024.244  000.412  000.412: require('fzf-lua.actions')
024.423  000.071  000.071: require('fzf-lua.class')
024.505  000.258  000.187: require('fzf-lua.devicons')
025.250  000.383  000.383: require('fzf-lua.previewer')
025.869  001.360  000.978: require('fzf-lua.defaults')
025.886  002.190  000.159: require('fzf-lua.config')
026.050  000.043  000.043: sourcing /home/jonco/.local/share/nvim/lazy/fzf-lua/autoload/fzf_lua.vim
026.057  000.103  000.060: sourcing nvim_exec2() called at /home/jonco/src/dotfiles/config/nvim/init.lua:0
027.879  000.865  000.865: require('fzf-lua.win')
028.090  000.089  000.089: require('fzf-lua.fzf')
028.150  000.057  000.057: require('fzf-lua.shell')
028.159  000.274  000.127: require('fzf-lua.core')
028.228  000.066  000.066: require('fzf-lua.make_entry')
028.263  005.621  001.518: require('fzf-lua')
028.791  000.008  000.008: sourcing nvim_exec2() called at /home/jonco/src/dotfiles/config/nvim/init.lua:0
028.802  000.002  000.002: sourcing nvim_exec2() called at /home/jonco/src/dotfiles/config/nvim/init.lua:0
028.811  000.005  000.005: sourcing nvim_exec2() called at /home/jonco/src/dotfiles/config/nvim/init.lua:0
029.474  000.039  000.039: require('nvim-tree.log')
029.560  000.032  000.032: require('nvim-tree.iterators.node-iterator')
029.586  000.109  000.077: require('nvim-tree.utils')
029.795  000.031  000.031: require('nvim-tree.notify')
029.800  000.065  000.035: require('nvim-tree.events')
029.802  000.105  000.039: require('nvim-tree.core')
029.894  000.033  000.033: require('nvim-tree.git.utils')
029.923  000.028  000.028: require('nvim-tree.renderer.components.devicons')
029.997  000.041  000.041: require('nvim-tree.classic')
030.002  000.077  000.036: require('nvim-tree.node')
030.009  000.205  000.068: require('nvim-tree.node.directory')
030.011  000.344  000.034: require('nvim-tree.actions.finders.find-file')
030.052  000.040  000.040: require('nvim-tree.actions.finders.search-node')
030.054  000.424  000.040: require('nvim-tree.actions.finders')
030.170  000.042  000.042: require('nvim-tree.node.file')
030.173  000.081  000.039: require('nvim-tree.actions.fs.create-file')
030.259  000.042  000.042: require('nvim-tree.lib')
030.370  000.070  000.070: require('nvim-tree.node.link')
030.411  000.150  000.080: require('nvim-tree.node.directory-link')
030.417  000.242  000.050: require('nvim-tree.actions.fs.remove-file')
030.465  000.047  000.047: require('nvim-tree.actions.fs.rename-file')
030.510  000.043  000.043: require('nvim-tree.actions.fs.trash')
030.513  000.458  000.044: require('nvim-tree.actions.fs')
030.632  000.045  000.045: require('nvim-tree.diagnostics')
030.635  000.087  000.042: require('nvim-tree.actions.moves.item')
030.680  000.044  000.044: require('nvim-tree.actions.moves.parent')
030.728  000.046  000.046: require('nvim-tree.actions.moves.sibling')
030.730  000.217  000.040: require('nvim-tree.actions.moves')
030.803  000.037  000.037: require('nvim-tree.actions.node.file-popup')
030.989  000.081  000.081: require('nvim-tree.appearance')
030.992  000.124  000.044: require('nvim-tree.renderer.components.full-name')
030.995  000.190  000.066: require('nvim-tree.actions.node.open-file')
031.030  000.034  000.034: require('nvim-tree.actions.node.run-command')
031.074  000.042  000.042: require('nvim-tree.actions.node.system-open')
031.109  000.034  000.034: require('nvim-tree.actions.node.buffer')
031.111  000.380  000.043: require('nvim-tree.actions.node')
031.213  000.044  000.044: require('nvim-tree.actions.root.change-dir')
031.247  000.032  000.032: require('nvim-tree.actions.root.dir-up')
031.250  000.137  000.061: require('nvim-tree.actions.root')
031.388  000.038  000.038: require('nvim-tree.actions.tree.find-file')
031.502  000.053  000.053: require('nvim-tree.actions.tree.modifiers.collapse')
031.567  000.063  000.063: require('nvim-tree.actions.tree.modifiers.expand')
031.570  000.179  000.062: require('nvim-tree.actions.tree.modifiers')
031.605  000.034  000.034: require('nvim-tree.actions.tree.open')
031.645  000.038  000.038: require('nvim-tree.actions.tree.toggle')
031.686  000.039  000.039: require('nvim-tree.actions.tree.resize')
031.688  000.401  000.073: require('nvim-tree.actions.tree')
031.689  002.102  000.086: require('nvim-tree.actions')
031.934  000.005  000.005: require('vim.F')
031.971  000.267  000.261: require('vim.diagnostic')
031.997  003.184  000.667: require('nvim-tree')
032.051  000.043  000.043: require('nvim-tree.legacy')
032.179  000.015  000.015: sourcing nvim_exec2() called at /home/jonco/src/dotfiles/config/nvim/init.lua:0
032.188  000.006  000.006: sourcing nvim_exec2() called at /home/jonco/src/dotfiles/config/nvim/init.lua:0
032.265  000.061  000.061: require('nvim-tree.keymap')
032.664  000.041  000.041: require('nvim-tree.buffers')
032.827  000.084  000.084: require('nvim-tree.git.runner')
032.909  000.080  000.080: require('nvim-tree.watcher')
032.916  000.249  000.085: require('nvim-tree.git')
033.043  000.082  000.082: require('nvim-tree.node.file-link')
033.046  000.129  000.047: require('nvim-tree.node.factory')
033.097  000.050  000.050: require('nvim-tree.node.root')
033.209  000.048  000.048: require('nvim-tree.enum')
033.215  000.116  000.068: require('nvim-tree.explorer.filters')
033.294  000.078  000.078: require('nvim-tree.marks')
033.375  000.079  000.079: require('nvim-tree.explorer.live-filter')
033.477  000.100  000.100: require('nvim-tree.explorer.sorter')
033.606  000.127  000.127: require('nvim-tree.actions.fs.clipboard')
033.918  000.060  000.060: require('nvim-tree.renderer.decorator')
033.924  000.114  000.054: require('nvim-tree.renderer.decorator.bookmarks')
033.957  000.032  000.032: require('nvim-tree.renderer.decorator.copied')
033.983  000.025  000.025: require('nvim-tree.renderer.decorator.cut')
034.026  000.042  000.042: require('nvim-tree.renderer.decorator.diagnostics')
034.078  000.051  000.051: require('nvim-tree.renderer.decorator.git')
034.121  000.043  000.043: require('nvim-tree.renderer.decorator.hidden')
034.150  000.028  000.028: require('nvim-tree.renderer.decorator.modified')
034.186  000.035  000.035: require('nvim-tree.renderer.decorator.opened')
034.207  000.021  000.021: require('nvim-tree.renderer.decorator.user')
034.244  000.036  000.036: require('nvim-tree.renderer.components.padding')
034.250  000.552  000.125: require('nvim-tree.renderer.builder')
034.255  000.646  000.095: require('nvim-tree.renderer')
034.375  000.049  000.049: require('nvim-tree.globals')
034.385  000.130  000.080: require('nvim-tree.explorer.view')
034.393  001.858  000.112: require('nvim-tree.explorer')
034.436  000.042  000.042: require('nvim-tree.explorer.watch')
034.472  000.033  000.033: require('nvim-tree.renderer.components')
034.648  000.109  000.109: require('nvim-web-devicons.filetypes')
035.228  000.383  000.383: require('nvim-web-devicons.default.icons_by_filename')
036.147  000.915  000.915: require('nvim-web-devicons.default.icons_by_file_extension')
036.207  000.058  000.058: require('nvim-web-devicons.default.icons_by_operating_system')
036.227  000.019  000.019: require('nvim-web-devicons.default.icons_by_desktop_environment')
036.246  000.019  000.019: require('nvim-web-devicons.default.icons_by_window_manager')
036.247  001.482  000.088: require('nvim-web-devicons.icons-default')
036.448  001.974  000.382: require('nvim-web-devicons')
037.764  000.061  000.061: require('nvim-tree.help')
037.843  000.026  000.026: require('nvim-tree.appearance.hi-test')
037.863  000.094  000.068: require('nvim-tree.api')
037.917  000.022  000.022: require('nvim-tree.commands')
038.524  000.455  000.455: sourcing /home/jonco/.local/share/nvim/lazy/vim-fugitive/plugin/fugitive.vim
038.527  000.478  000.024: sourcing nvim_exec2() called at /home/jonco/src/dotfiles/config/nvim/init.lua:0
038.534  000.001  000.001: sourcing nvim_exec2() called at /home/jonco/src/dotfiles/config/nvim/init.lua:0
038.620  000.005  000.005: sourcing /home/jonco/.local/share/nvim/lazy/vim-fugitive/ftdetect/fugitive.vim
038.622  000.028  000.023: sourcing nvim_exec2() called at /home/jonco/src/dotfiles/config/nvim/init.lua:0
038.625  000.001  000.001: sourcing nvim_exec2() called at /home/jonco/src/dotfiles/config/nvim/init.lua:0
038.831  000.003  000.003: sourcing nvim_exec2() called at /home/jonco/src/dotfiles/config/nvim/init.lua:0
038.836  000.000  000.000: sourcing nvim_exec2() called at /home/jonco/src/dotfiles/config/nvim/init.lua:0
038.999  000.020  000.020: require('nvim-autopairs._log')
039.026  000.025  000.025: require('nvim-autopairs.utils')
039.115  000.042  000.042: require('nvim-autopairs.conds')
039.118  000.066  000.024: require('nvim-autopairs.rule')
039.119  000.093  000.027: require('nvim-autopairs.rules.basic')
039.123  000.252  000.115: require('nvim-autopairs')
039.346  000.002  000.002: sourcing nvim_exec2() called at /home/jonco/src/dotfiles/config/nvim/init.lua:0
039.350  000.000  000.000: sourcing nvim_exec2() called at /home/jonco/src/dotfiles/config/nvim/init.lua:0
039.492  000.014  000.014: require('mason-core.path')
039.550  000.013  000.013: require('mason-core.functional.data')
039.568  000.016  000.016: require('mason-core.functional.function')
039.608  000.024  000.024: require('mason-core.functional.list')
039.637  000.014  000.014: require('mason-core.functional.relation')
039.651  000.013  000.013: require('mason-core.functional.logic')
039.685  000.033  000.033: require('mason-core.functional.number')
039.703  000.015  000.015: require('mason-core.functional.string')
039.719  000.014  000.014: require('mason-core.functional.table')
039.733  000.013  000.013: require('mason-core.functional.type')
039.734  000.218  000.063: require('mason-core.functional')
039.750  000.256  000.039: require('mason-core.platform')
039.826  000.075  000.075: require('mason.settings')
039.832  000.372  000.026: require('mason-core.installer.InstallLocation')
039.941  000.062  000.062: require('mason-core.log')
039.942  000.089  000.027: require('mason-core.EventEmitter')
039.965  000.021  000.021: require('mason-registry.sources')
039.967  000.134  000.024: require('mason-registry')
039.968  000.592  000.085: require('mason')
040.101  000.040  000.040: require('mason.api.command')
040.127  000.002  000.002: sourcing nvim_exec2() called at /home/jonco/src/dotfiles/config/nvim/init.lua:0
040.130  000.001  000.001: sourcing nvim_exec2() called at /home/jonco/src/dotfiles/config/nvim/init.lua:0
040.235  000.001  000.001: sourcing nvim_exec2() called at /home/jonco/src/dotfiles/config/nvim/init.lua:0
040.238  000.000  000.000: sourcing nvim_exec2() called at /home/jonco/src/dotfiles/config/nvim/init.lua:0
040.382  000.001  000.001: sourcing nvim_exec2() called at /home/jonco/src/dotfiles/config/nvim/init.lua:0
040.385  000.000  000.000: sourcing nvim_exec2() called at /home/jonco/src/dotfiles/config/nvim/init.lua:0
040.669  000.017  000.017: require('luasnip.util.types')
040.671  000.036  000.019: require('luasnip.util.ext_opts')
040.725  000.012  000.012: require('luasnip.util.lazy_table')
040.741  000.015  000.015: require('luasnip.extras.filetype_functions')
040.745  000.057  000.029: require('luasnip.default_config')
040.746  000.074  000.017: require('luasnip.session')
040.747  000.233  000.123: require('luasnip.config')
040.860  000.013  000.013: require('luasnip.util.vimversion')
040.863  000.053  000.040: require('luasnip.util.util')
040.909  000.014  000.014: require('luasnip.nodes.key_indexer')
040.931  000.021  000.021: require('luasnip.util.feedkeys')
040.934  000.070  000.034: require('luasnip.nodes.util')
040.986  000.026  000.026: require('luasnip.session.snippet_collection.source')
041.001  000.014  000.014: require('luasnip.util.table')
041.017  000.014  000.014: require('luasnip.util.auto_table')
041.020  000.086  000.030: require('luasnip.session.snippet_collection')
041.151  000.024  000.024: require('luasnip.util.select')
041.167  000.015  000.015: require('luasnip.util.time')
041.337  000.264  000.225: require('luasnip.util._builtin_vars')
041.365  000.312  000.048: require('luasnip.util.environ')
041.389  000.023  000.023: require('luasnip.util.extend_decorator')
041.469  000.040  000.040: require('luasnip.util.path')
041.536  000.034  000.034: require('luasnip.util.log')
041.539  000.070  000.036: require('luasnip.loaders.util')
041.558  000.018  000.018: require('luasnip.loaders.data')
041.610  000.052  000.052: require('luasnip.loaders.fs_watchers')
041.613  000.223  000.044: require('luasnip.loaders')
041.627  000.876  000.109: require('luasnip')
041.665  001.258  000.149: sourcing /home/jonco/.local/share/nvim/lazy/LuaSnip/plugin/luasnip.lua
041.668  001.272  000.014: sourcing nvim_exec2() called at /home/jonco/src/dotfiles/config/nvim/init.lua:0
041.700  000.016  000.016: sourcing /home/jonco/.local/share/nvim/lazy/LuaSnip/plugin/luasnip.vim
041.701  000.028  000.012: sourcing nvim_exec2() called at /home/jonco/src/dotfiles/config/nvim/init.lua:0
041.720  000.001  000.001: sourcing nvim_exec2() called at /home/jonco/src/dotfiles/config/nvim/init.lua:0
041.726  000.001  000.001: sourcing nvim_exec2() called at /home/jonco/src/dotfiles/config/nvim/init.lua:0
041.825  000.095  000.095: require('vim.version')
042.902  000.040  000.040: require('cmp.utils.api')
042.943  000.018  000.018: require('cmp.types.cmp')
042.993  000.025  000.025: require('cmp.utils.misc')
043.040  000.096  000.072: require('cmp.types.lsp')
043.057  000.016  000.016: require('cmp.types.vim')
043.058  000.153  000.022: require('cmp.types')
043.076  000.017  000.017: require('cmp.utils.highlight')
043.118  000.020  000.020: require('cmp.utils.debug')
043.121  000.045  000.025: require('cmp.utils.autocmd')
043.318  000.005  000.005: sourcing nvim_exec2() called at /home/jonco/.local/share/nvim/lazy/nvim-cmp/plugin/cmp.lua:0
043.320  000.492  000.232: sourcing /home/jonco/.local/share/nvim/lazy/nvim-cmp/plugin/cmp.lua
043.321  000.507  000.015: sourcing nvim_exec2() called at /home/jonco/src/dotfiles/config/nvim/init.lua:0
043.329  000.001  000.001: sourcing nvim_exec2() called at /home/jonco/src/dotfiles/config/nvim/init.lua:0
043.335  000.000  000.000: sourcing nvim_exec2() called at /home/jonco/src/dotfiles/config/nvim/init.lua:0
043.653  000.096  000.096: require('cmp.utils.char')
043.669  000.170  000.074: require('cmp.utils.str')
044.196  000.074  000.074: require('cmp.utils.buffer')
044.210  000.191  000.118: require('cmp.utils.keymap')
044.212  000.541  000.350: require('cmp.utils.feedkeys')
044.357  000.059  000.059: require('cmp.config.mapping')
044.388  000.030  000.030: require('cmp.utils.cache')
044.490  000.063  000.063: require('cmp.config.compare')
044.491  000.101  000.038: require('cmp.config.default')
044.510  000.256  000.066: require('cmp.config')
044.518  000.306  000.049: require('cmp.utils.async')
044.591  000.033  000.033: require('cmp.utils.pattern')
044.595  000.076  000.043: require('cmp.context')
044.877  000.134  000.134: require('cmp.utils.snippet')
044.923  000.043  000.043: require('cmp.matcher')
044.931  000.282  000.106: require('cmp.entry')
044.939  000.343  000.061: require('cmp.source')
045.028  000.043  000.043: require('cmp.utils.event')
045.174  000.043  000.043: require('cmp.utils.options')
045.178  000.106  000.062: require('cmp.utils.window')
045.180  000.151  000.046: require('cmp.view.docs_view')
045.267  000.086  000.086: require('cmp.view.custom_entries_view')
045.342  000.074  000.074: require('cmp.view.wildmenu_entries_view')
045.389  000.046  000.046: require('cmp.view.native_entries_view')
045.470  000.080  000.080: require('cmp.view.ghost_text_view')
045.477  000.537  000.057: require('cmp.view')
045.982  002.579  000.607: require('cmp.core')
046.134  000.057  000.057: require('cmp.config.sources')
046.163  000.028  000.028: require('cmp.config.window')
046.205  002.863  000.199: require('cmp')
046.269  000.063  000.063: require('lspkind')
046.400  000.052  000.052: require('luasnip.session.enqueueable_operations')
046.975  000.124  000.124: require('luasnip.util.events')
046.999  000.465  000.341: require('luasnip.nodes.node')
047.196  000.197  000.197: require('luasnip.nodes.insertNode')
047.274  000.076  000.076: require('luasnip.nodes.textNode')
047.387  000.112  000.112: require('luasnip.util.mark')
047.509  000.121  000.121: require('luasnip.util.pattern_tokenizer')
047.593  000.083  000.083: require('luasnip.util.dict')
048.014  000.042  000.042: require('jsregexp.core')
048.020  000.153  000.111: require('luasnip-jsregexp')
048.021  000.337  000.184: require('luasnip.util.jsregexp')
048.030  000.436  000.098: require('luasnip.nodes.util.trig_engines')
048.078  001.643  000.155: require('luasnip.nodes.snippet')
048.274  000.024  000.024: require('luasnip.util.parser.neovim_ast')
048.295  000.020  000.020: require('luasnip.util.str')
048.319  000.021  000.021: require('luasnip.util.directed_graph')
048.323  000.167  000.101: require('luasnip.util.parser.ast_utils')
048.353  000.029  000.029: require('luasnip.nodes.functionNode')
048.387  000.033  000.033: require('luasnip.nodes.choiceNode')
048.417  000.029  000.029: require('luasnip.nodes.dynamicNode')
048.434  000.016  000.016: require('luasnip.util.functions')
048.437  000.357  000.083: require('luasnip.util.parser.ast_parser')
048.478  000.041  000.041: require('luasnip.util.parser.neovim_parser')
048.481  002.080  000.039: require('luasnip.util.parser')
048.505  000.023  000.023: require('luasnip.nodes.snippetProxy')
048.578  000.072  000.072: require('luasnip.util.jsonc')
048.611  000.016  000.016: require('luasnip.nodes.duplicate')
048.612  000.032  000.017: require('luasnip.loaders.snippet_cache')
048.617  002.347  000.087: require('luasnip/loaders/from_vscode')
050.818  000.069  000.069: require('luasnip.nodes.multiSnippet')
052.136  000.005  000.005: sourcing nvim_exec2() called at /home/jonco/src/dotfiles/config/nvim/init.lua:0
052.142  000.001  000.001: sourcing nvim_exec2() called at /home/jonco/src/dotfiles/config/nvim/init.lua:0
052.241  000.001  000.001: sourcing nvim_exec2() called at /home/jonco/src/dotfiles/config/nvim/init.lua:0
052.244  000.000  000.000: sourcing nvim_exec2() called at /home/jonco/src/dotfiles/config/nvim/init.lua:0
052.385  000.028  000.028: require('vim.lsp.log')
052.617  000.230  000.230: require('vim.lsp.protocol')
052.696  000.077  000.077: require('vim.lsp.util')
052.733  000.015  000.015: require('vim.lsp.sync')
052.735  000.038  000.023: require('vim.lsp._changetracking')
052.781  000.022  000.022: require('vim.lsp._transport')
052.808  000.072  000.050: require('vim.lsp.rpc')
052.849  000.545  000.099: require('vim.lsp')
052.924  000.075  000.075: require('lspconfig.util')
053.483  001.209  000.589: sourcing /home/jonco/.local/share/nvim/lazy/nvim-lspconfig/plugin/lspconfig.lua
053.486  001.225  000.016: sourcing nvim_exec2() called at /home/jonco/src/dotfiles/config/nvim/init.lua:0
053.493  000.003  000.003: sourcing nvim_exec2() called at /home/jonco/src/dotfiles/config/nvim/init.lua:0
053.498  000.001  000.001: sourcing nvim_exec2() called at /home/jonco/src/dotfiles/config/nvim/init.lua:0
053.860  000.002  000.002: sourcing nvim_exec2() called at /home/jonco/src/dotfiles/config/nvim/init.lua:0
053.864  000.001  000.001: sourcing nvim_exec2() called at /home/jonco/src/dotfiles/config/nvim/init.lua:0
053.884  000.383  000.381: require('neoconf')
054.019  000.026  000.026: require('vim.health')
054.021  000.135  000.110: require('neoconf.health')
054.060  000.015  000.015: require('neoconf.config')
054.063  000.042  000.027: require('neoconf.util')
054.100  000.014  000.014: require('lspconfig.async')
054.101  000.035  000.021: require('lspconfig.configs')
054.132  000.026  000.026: require('neoconf.import')
054.239  000.015  000.015: require('neoconf.settings')
054.241  000.040  000.025: require('neoconf.commands')
054.786  000.026  000.026: require('neoconf.plugins')
054.811  000.023  000.023: require('neoconf.plugins.lspconfig')
054.911  000.044  000.044: require('vim.iter')
054.957  000.021  000.021: require('neoconf.schema')
054.958  000.040  000.019: require('neoconf.plugins.jsonls')
054.975  000.016  000.016: require('neoconf.plugins.lua_ls')
055.017  000.020  000.020: require('cmp_nvim_lsp.source')
055.020  000.044  000.023: require('cmp_nvim_lsp')
055.047  000.027  000.027: require('lspconfig')
055.067  000.018  000.018: require('lspconfig.configs.gopls')
055.279  000.027  000.027: require('lspconfig.manager')
055.311  000.030  000.030: require('lspconfig.configs.solidity_ls')
055.395  000.027  000.027: require('lspconfig.configs.lua_ls')
055.478  000.020  000.020: require('lspconfig.configs.jsonls')
055.528  000.025  000.025: require('lspconfig.configs.pyright')
055.595  000.023  000.023: require('lspconfig.configs.ts_ls')
055.654  000.024  000.024: require('lspconfig.configs.bashls')
055.694  000.017  000.017: require('lspconfig.configs.emmet_ls')
055.747  000.026  000.026: require('lspconfig.configs.dockerls')
055.801  000.025  000.025: require('lspconfig.configs.clangd')
055.879  000.019  000.019: require('efmls-configs.fs')
055.912  000.070  000.051: require('efmls-configs.formatters.gofumpt')
055.948  000.019  000.019: require('efmls-configs.utils')
055.964  000.051  000.032: require('efmls-configs.linters.go_revive')
056.001  000.036  000.036: require('efmls-configs.linters.solhint')
056.042  000.040  000.040: require('efmls-configs.formatters.prettier_d')
056.067  000.024  000.024: require('efmls-configs.linters.luacheck')
056.097  000.029  000.029: require('efmls-configs.formatters.stylua')
056.124  000.027  000.027: require('efmls-configs.linters.flake8')
056.154  000.030  000.030: require('efmls-configs.formatters.black')
056.185  000.030  000.030: require('efmls-configs.linters.eslint')
056.211  000.026  000.026: require('efmls-configs.formatters.fixjson')
056.241  000.029  000.029: require('efmls-configs.linters.shellcheck')
056.267  000.025  000.025: require('efmls-configs.formatters.shfmt')
056.294  000.027  000.027: require('efmls-configs.linters.hadolint')
056.322  000.027  000.027: require('efmls-configs.linters.cpplint')
056.343  000.021  000.021: require('efmls-configs.formatters.clang_format')
056.360  000.015  000.015: require('lspconfig.configs.efm')
056.419  000.003  000.003: sourcing nvim_exec2() called at /home/jonco/src/dotfiles/config/nvim/init.lua:0
056.423  000.001  000.001: sourcing nvim_exec2() called at /home/jonco/src/dotfiles/config/nvim/init.lua:0
056.655  000.025  000.025: require('lualine_require')
056.852  000.426  000.401: require('lualine')
057.043  000.009  000.009: sourcing nvim_exec2() called at /home/jonco/src/dotfiles/config/nvim/init.lua:0
057.322  000.046  000.046: require('lualine.highlight')
057.558  000.005  000.005: sourcing nvim_exec2() called at /home/jonco/src/dotfiles/config/nvim/init.lua:0
057.566  000.002  000.002: sourcing nvim_exec2() called at /home/jonco/src/dotfiles/config/nvim/init.lua:0
057.571  000.001  000.001: sourcing nvim_exec2() called at /home/jonco/src/dotfiles/config/nvim/init.lua:0
057.575  000.001  000.001: sourcing nvim_exec2() called at /home/jonco/src/dotfiles/config/nvim/init.lua:0
057.579  000.002  000.002: sourcing nvim_exec2() called at /home/jonco/src/dotfiles/config/nvim/init.lua:0
057.583  000.001  000.001: sourcing nvim_exec2() called at /home/jonco/src/dotfiles/config/nvim/init.lua:0
057.587  000.001  000.001: sourcing nvim_exec2() called at /home/jonco/src/dotfiles/config/nvim/init.lua:0
057.591  000.001  000.001: sourcing nvim_exec2() called at /home/jonco/src/dotfiles/config/nvim/init.lua:0
057.594  000.001  000.001: sourcing nvim_exec2() called at /home/jonco/src/dotfiles/config/nvim/init.lua:0
057.598  000.001  000.001: sourcing nvim_exec2() called at /home/jonco/src/dotfiles/config/nvim/init.lua:0
057.602  000.001  000.001: sourcing nvim_exec2() called at /home/jonco/src/dotfiles/config/nvim/init.lua:0
057.605  000.001  000.001: sourcing nvim_exec2() called at /home/jonco/src/dotfiles/config/nvim/init.lua:0
057.620  000.001  000.001: sourcing nvim_exec2() called at /home/jonco/src/dotfiles/config/nvim/init.lua:0
057.624  000.001  000.001: sourcing nvim_exec2() called at /home/jonco/src/dotfiles/config/nvim/init.lua:0
057.627  000.002  000.002: sourcing nvim_exec2() called at /home/jonco/src/dotfiles/config/nvim/init.lua:0
057.646  000.016  000.016: sourcing nvim_exec2() called at /home/jonco/src/dotfiles/config/nvim/init.lua:0
057.649  000.001  000.001: sourcing nvim_exec2() called at /home/jonco/src/dotfiles/config/nvim/init.lua:0
057.663  000.001  000.001: sourcing nvim_exec2() called at /home/jonco/src/dotfiles/config/nvim/init.lua:0
057.666  000.001  000.001: sourcing nvim_exec2() called at /home/jonco/src/dotfiles/config/nvim/init.lua:0
057.671  000.001  000.001: sourcing nvim_exec2() called at /home/jonco/src/dotfiles/config/nvim/init.lua:0
057.674  000.001  000.001: sourcing nvim_exec2() called at /home/jonco/src/dotfiles/config/nvim/init.lua:0
057.677  000.001  000.001: sourcing nvim_exec2() called at /home/jonco/src/dotfiles/config/nvim/init.lua:0
057.685  000.006  000.006: sourcing nvim_exec2() called at /home/jonco/src/dotfiles/config/nvim/init.lua:0
058.551  000.017  000.017: sourcing nvim_exec2() called at /home/jonco/src/dotfiles/config/nvim/init.lua:0
058.618  000.003  000.003: sourcing nvim_exec2() called at /home/jonco/src/dotfiles/config/nvim/init.lua:0
058.674  000.002  000.002: sourcing nvim_exec2() called at /home/jonco/src/dotfiles/config/nvim/init.lua:0
059.497  000.009  000.009: sourcing nvim_exec2() called at /home/jonco/src/dotfiles/config/nvim/init.lua:0
059.524  000.005  000.005: sourcing nvim_exec2() called at /home/jonco/src/dotfiles/config/nvim/init.lua:0
059.536  000.009  000.009: sourcing nvim_exec2() called at /home/jonco/src/dotfiles/config/nvim/init.lua:0
059.542  000.003  000.003: sourcing nvim_exec2() called at /home/jonco/src/dotfiles/config/nvim/init.lua:0
059.545  000.002  000.002: sourcing nvim_exec2() called at /home/jonco/src/dotfiles/config/nvim/init.lua:0
060.115  000.081  000.081: require('nvim-treesitter.utils')
060.848  000.096  000.096: require('vim.treesitter.language')
060.931  000.080  000.080: require('vim.func')
060.977  000.034  000.034: require('vim.func._memoize')
061.006  000.408  000.197: require('vim.treesitter.query')
061.049  000.042  000.042: require('vim.treesitter._range')
061.062  000.587  000.137: require('vim.treesitter.languagetree')
061.066  000.700  000.113: require('vim.treesitter')
061.471  001.354  000.654: require('nvim-treesitter.parsers')
061.680  000.042  000.042: require('nvim-treesitter.compat')
061.777  000.058  000.058: require('nvim-treesitter.ts_utils')
061.782  000.101  000.042: require('nvim-treesitter.tsrange')
061.808  000.025  000.025: require('nvim-treesitter.caching')
061.821  000.235  000.068: require('nvim-treesitter.query')
061.839  000.328  000.093: require('nvim-treesitter.configs')
061.842  000.370  000.042: require('nvim-treesitter.info')
061.897  000.054  000.054: require('nvim-treesitter.shell_command_selectors')
061.924  001.979  000.120: require('nvim-treesitter.install')
061.952  000.026  000.026: require('nvim-treesitter.statusline')
061.992  000.039  000.039: require('nvim-treesitter.query_predicates')
061.995  002.180  000.135: require('nvim-treesitter')
062.422  002.645  000.465: sourcing /home/jonco/.local/share/nvim/lazy/nvim-treesitter/plugin/nvim-treesitter.lua
062.425  002.662  000.017: sourcing nvim_exec2() called at /home/jonco/src/dotfiles/config/nvim/init.lua:0
062.432  000.001  000.001: sourcing nvim_exec2() called at /home/jonco/src/dotfiles/config/nvim/init.lua:0
062.447  000.001  000.001: sourcing nvim_exec2() called at /home/jonco/src/dotfiles/config/nvim/init.lua:0
063.752  000.124  000.124: require('nvim-treesitter.indent')
063.832  000.041  000.041: require('nvim-treesitter.highlight')
063.960  000.055  000.055: require('nvim-treesitter.locals')
063.963  000.097  000.042: require('nvim-treesitter.incremental_selection')
064.031  000.028  000.028: sourcing /home/jonco/.local/share/nvim/lazy/lspsaga.nvim/plugin/lspsaga.lua
064.034  000.046  000.018: sourcing nvim_exec2() called at /home/jonco/src/dotfiles/config/nvim/init.lua:0
064.086  000.002  000.002: sourcing nvim_exec2() called at /home/jonco/src/dotfiles/config/nvim/init.lua:0
064.094  000.001  000.001: sourcing nvim_exec2() called at /home/jonco/src/dotfiles/config/nvim/init.lua:0
064.181  000.085  000.085: require('lspsaga')
064.271  000.043  000.043: require('lspsaga.lspkind')
064.272  000.083  000.040: require('lspsaga.highlight')
067.315  001.910  001.910: require('lspsaga.util')
067.330  002.945  001.035: require('lspsaga.codeaction.lightbulb')
068.158  000.408  000.408: require('lspsaga.symbol.head')
068.344  000.004  000.004: sourcing nvim_exec2() called at /home/jonco/src/dotfiles/config/nvim/init.lua:0
068.348  000.001  000.001: sourcing nvim_exec2() called at /home/jonco/src/dotfiles/config/nvim/init.lua:0
068.511  000.151  000.151: require('trouble')
068.550  000.038  000.038: require('trouble.config')
068.610  000.026  000.026: require('trouble.util')
068.612  000.050  000.024: require('trouble.config.highlights')
068.773  000.015  000.015: require('trouble.cache')
068.797  000.023  000.023: require('trouble.format')
068.814  000.016  000.016: require('trouble.view.indent')
068.834  000.020  000.020: require('trouble.view.text')
068.836  000.096  000.023: require('trouble.view.render')
068.838  000.116  000.020: require('trouble.view.preview')
068.839  000.146  000.030: require('trouble.view.main')
068.899  000.002  000.002: sourcing nvim_exec2() called at /home/jonco/src/dotfiles/config/nvim/init.lua:0
068.903  000.001  000.001: sourcing nvim_exec2() called at /home/jonco/src/dotfiles/config/nvim/init.lua:0
069.093  000.031  000.031: require('ibl.utils')
069.096  000.058  000.027: require('ibl.config')
069.129  000.014  000.014: require('ibl.indent')
069.132  000.036  000.022: require('ibl.hooks')
069.133  000.111  000.018: require('ibl.highlights')
069.149  000.015  000.015: require('ibl.autocmds')
069.167  000.018  000.018: require('ibl.inlay_hints')
069.181  000.013  000.013: require('ibl.virt_text')
069.253  000.059  000.059: require('ibl.scope_languages')
069.254  000.072  000.014: require('ibl.scope')
069.257  000.350  000.121: require('ibl')
069.389  000.037  000.037: require('vim.lsp.completion')
069.415  000.102  000.065: require('vim.lsp.handlers')
069.557  000.017  000.017: sourcing /home/jonco/.local/share/nvim/lazy/which-key.nvim/plugin/which-key.lua
069.559  000.033  000.017: sourcing nvim_exec2() called at /home/jonco/src/dotfiles/config/nvim/init.lua:0
069.562  000.001  000.001: sourcing nvim_exec2() called at /home/jonco/src/dotfiles/config/nvim/init.lua:0
069.566  000.000  000.000: sourcing nvim_exec2() called at /home/jonco/src/dotfiles/config/nvim/init.lua:0
069.703  000.128  000.128: require('which-key')
069.739  000.035  000.035: require('which-key.config')
069.977  000.133  000.133: require('gitsigns')
070.076  000.076  000.076: require('gitsigns.highlight')
070.119  000.025  000.025: require('gitsigns.debug.log')
070.165  000.044  000.044: require('gitsigns.config')
070.381  000.021  000.021: require('gitsigns.debounce')
070.386  000.556  000.256: sourcing /home/jonco/.local/share/nvim/lazy/gitsigns.nvim/plugin/gitsigns.lua
070.389  000.568  000.012: sourcing nvim_exec2() called at /home/jonco/src/dotfiles/config/nvim/init.lua:0
070.393  000.001  000.001: sourcing nvim_exec2() called at /home/jonco/src/dotfiles/config/nvim/init.lua:0
070.398  000.001  000.001: sourcing nvim_exec2() called at /home/jonco/src/dotfiles/config/nvim/init.lua:0
070.678  000.014  000.014: require('illuminate.util')
070.699  000.019  000.019: require('illuminate.config')
070.714  000.014  000.014: require('illuminate.reference')
070.715  000.076  000.028: require('illuminate.highlight')
070.719  000.202  000.126: require('illuminate.engine')
070.768  000.036  000.036: require('illuminate')
070.820  000.007  000.007: sourcing nvim_exec2() called at /home/jonco/.local/share/nvim/lazy/vim-illuminate/plugin/illuminate.vim:52
070.830  000.369  000.124: sourcing /home/jonco/.local/share/nvim/lazy/vim-illuminate/plugin/illuminate.vim
070.832  000.380  000.011: sourcing nvim_exec2() called at /home/jonco/src/dotfiles/config/nvim/init.lua:0
070.835  000.001  000.001: sourcing nvim_exec2() called at /home/jonco/src/dotfiles/config/nvim/init.lua:0
070.840  000.000  000.000: sourcing nvim_exec2() called at /home/jonco/src/dotfiles/config/nvim/init.lua:0
070.999  000.001  000.001: sourcing nvim_exec2() called at /home/jonco/src/dotfiles/config/nvim/init.lua:0
071.002  000.000  000.000: sourcing nvim_exec2() called at /home/jonco/src/dotfiles/config/nvim/init.lua:0
071.007  000.001  000.001: sourcing nvim_exec2() called at /home/jonco/src/dotfiles/config/nvim/init.lua:0
071.010  000.000  000.000: sourcing nvim_exec2() called at /home/jonco/src/dotfiles/config/nvim/init.lua:0
071.200  000.047  000.047: require('hardtime.config')
071.285  000.084  000.084: require('hardtime.log')
071.300  000.164  000.033: require('hardtime.util')
071.307  000.291  000.127: require('hardtime')
071.569  000.025  000.025: require('nvim-ts-autotag._log')
071.587  000.016  000.016: require('nvim-ts-autotag.config.init')
071.651  000.021  000.021: require('nvim-ts-autotag.utils')
071.653  000.037  000.016: require('nvim-ts-autotag.config.ft')
071.654  000.067  000.029: require('nvim-ts-autotag.config.plugin')
071.680  000.167  000.059: require('nvim-ts-autotag.internal')
071.681  000.285  000.118: require('nvim-ts-autotag')
071.700  000.322  000.037: sourcing /home/jonco/.local/share/nvim/lazy/nvim-ts-autotag/plugin/nvim-ts-autotag.lua
071.703  000.338  000.016: sourcing nvim_exec2() called at /home/jonco/src/dotfiles/config/nvim/init.lua:0
071.708  000.002  000.002: sourcing nvim_exec2() called at /home/jonco/src/dotfiles/config/nvim/init.lua:0
071.713  000.001  000.001: sourcing nvim_exec2() called at /home/jonco/src/dotfiles/config/nvim/init.lua:0
071.803  000.022  000.022: sourcing /usr/share/nvim/runtime/plugin/editorconfig.lua
071.805  000.033  000.011: sourcing nvim_exec2() called at /home/jonco/src/dotfiles/config/nvim/init.lua:0
071.907  000.092  000.092: sourcing /usr/share/nvim/runtime/plugin/gzip.vim
071.909  000.101  000.009: sourcing nvim_exec2() called at /home/jonco/src/dotfiles/config/nvim/init.lua:0
071.946  000.027  000.027: sourcing /usr/share/nvim/runtime/plugin/man.lua
071.947  000.035  000.008: sourcing nvim_exec2() called at /home/jonco/src/dotfiles/config/nvim/init.lua:0
072.201  000.100  000.100: sourcing /usr/share/nvim/runtime/pack/dist/opt/matchit/plugin/matchit.vim
072.209  000.254  000.154: sourcing /usr/share/nvim/runtime/plugin/matchit.vim
072.210  000.261  000.007: sourcing nvim_exec2() called at /home/jonco/src/dotfiles/config/nvim/init.lua:0
072.282  000.061  000.061: sourcing /usr/share/nvim/runtime/plugin/matchparen.vim
072.284  000.069  000.008: sourcing nvim_exec2() called at /home/jonco/src/dotfiles/config/nvim/init.lua:0
072.532  000.112  000.112: sourcing /usr/share/nvim/runtime/pack/dist/opt/netrw/plugin/netrwPlugin.vim
072.539  000.247  000.135: sourcing /usr/share/nvim/runtime/plugin/netrwPlugin.vim
072.540  000.254  000.007: sourcing nvim_exec2() called at /home/jonco/src/dotfiles/config/nvim/init.lua:0
072.580  000.028  000.028: sourcing /usr/share/nvim/runtime/plugin/osc52.lua
072.581  000.038  000.010: sourcing nvim_exec2() called at /home/jonco/src/dotfiles/config/nvim/init.lua:0
072.687  000.096  000.096: sourcing /usr/share/nvim/runtime/plugin/rplugin.vim
072.689  000.105  000.009: sourcing nvim_exec2() called at /home/jonco/src/dotfiles/config/nvim/init.lua:0
072.729  000.027  000.027: sourcing /usr/share/nvim/runtime/plugin/shada.vim
072.730  000.038  000.011: sourcing nvim_exec2() called at /home/jonco/src/dotfiles/config/nvim/init.lua:0
072.750  000.007  000.007: sourcing /usr/share/nvim/runtime/plugin/spellfile.vim
072.751  000.018  000.011: sourcing nvim_exec2() called at /home/jonco/src/dotfiles/config/nvim/init.lua:0
072.804  000.044  000.044: sourcing /usr/share/nvim/runtime/plugin/tarPlugin.vim
072.805  000.053  000.009: sourcing nvim_exec2() called at /home/jonco/src/dotfiles/config/nvim/init.lua:0
072.880  000.025  000.025: sourcing /usr/share/nvim/runtime/plugin/tohtml.lua
072.882  000.038  000.013: sourcing nvim_exec2() called at /home/jonco/src/dotfiles/config/nvim/init.lua:0
072.902  000.010  000.010: sourcing /usr/share/nvim/runtime/plugin/tutor.vim
072.903  000.020  000.010: sourcing nvim_exec2() called at /home/jonco/src/dotfiles/config/nvim/init.lua:0
072.973  000.060  000.060: sourcing /usr/share/nvim/runtime/plugin/zipPlugin.vim
072.974  000.069  000.010: sourcing nvim_exec2() called at /home/jonco/src/dotfiles/config/nvim/init.lua:0
073.127  000.030  000.030: sourcing /home/jonco/.local/share/nvim/lazy/indent-blankline.nvim/after/plugin/commands.lua
073.129  000.047  000.017: sourcing nvim_exec2() called at /home/jonco/src/dotfiles/config/nvim/init.lua:0
073.186  000.022  000.022: sourcing /home/jonco/.local/share/nvim/lazy/cmp-nvim-lsp/after/plugin/cmp_nvim_lsp.lua
073.187  000.035  000.013: sourcing nvim_exec2() called at /home/jonco/src/dotfiles/config/nvim/init.lua:0
073.311  000.015  000.015: require('cmp_buffer.timer')
073.314  000.039  000.023: require('cmp_buffer.buffer')
073.315  000.061  000.022: require('cmp_buffer.source')
073.316  000.083  000.022: require('cmp_buffer')
073.341  000.122  000.038: sourcing /home/jonco/.local/share/nvim/lazy/cmp-buffer/after/plugin/cmp_buffer.lua
073.343  000.134  000.013: sourcing nvim_exec2() called at /home/jonco/src/dotfiles/config/nvim/init.lua:0
073.367  064.590  020.880: require('config')
073.368  064.617  000.027: sourcing /home/jonco/.config/nvim/init.lua
073.375  000.650: sourcing vimrc file(s)
073.568  000.016  000.016: sourcing /usr/share/nvim/runtime/filetype.lua
073.704  000.034  000.034: sourcing /usr/share/nvim/runtime/syntax/synload.vim
073.751  000.149  000.115: sourcing /usr/share/nvim/runtime/syntax/syntax.vim
073.757  000.217: inits 3
075.417  001.660: reading ShaDa
076.256  000.119  000.119: require('luasnip.loaders.from_lua')
076.305  000.044  000.044: require('luasnip.loaders.from_snipmate')
076.356  000.049  000.049: require('luasnip.loaders.from_vscode')
076.404  000.775: opening buffers
076.510  000.106: BufEnter autocommands
076.512  000.002: editing files in windows
076.521  000.009: --- NVIM STARTED ---

